<?xml version="1.0" encoding="UTF-8"?>
<!-- Generated by org.testng.reporters.JUnitReportReporter -->
<testsuite hostname="BLRTRIBWDTP" name="com.dunelm.common.tests.BazaarvoiceTest" tests="23" failures="0" timestamp="13 Jun 2016 09:07:58 GMT" time="627.745" errors="0">
  <testcase name="clickOnFiveStar" time="5.763" classname="com.dunelm.common.tests.BazaarvoiceTest"/>
  <testcase name="verifySortByDropdown" time="5.210" classname="com.dunelm.common.tests.BazaarvoiceTest"/>
  <testcase name="hoverOnSort1" time="5.462" classname="com.dunelm.common.tests.BazaarvoiceTest"/>
  <testcase name="verifyPDPstar" time="51.899" classname="com.dunelm.common.tests.BazaarvoiceTest"/>
  <testcase name="verifyReveiw" time="255.871" classname="com.dunelm.common.tests.BazaarvoiceTest"/>
  <testcase name="oldest" time="15.755" classname="com.dunelm.common.tests.BazaarvoiceTest"/>
  <testcase name="hoverOnSort4" time="5.304" classname="com.dunelm.common.tests.BazaarvoiceTest"/>
  <testcase name="verifyRating" time="10.720" classname="com.dunelm.common.tests.BazaarvoiceTest"/>
  <testcase name="verifyValue" time="5.761" classname="com.dunelm.common.tests.BazaarvoiceTest"/>
  <testcase name="fiveStarButton" time="5.631" classname="com.dunelm.common.tests.BazaarvoiceTest"/>
  <testcase name="hoverFiveStar" time="5.339" classname="com.dunelm.common.tests.BazaarvoiceTest"/>
  <testcase name="mostRecent" time="16.664" classname="com.dunelm.common.tests.BazaarvoiceTest"/>
  <testcase name="hoverOnSort3" time="5.221" classname="com.dunelm.common.tests.BazaarvoiceTest"/>
  <testcase name="hoverOnSort" time="5.404" classname="com.dunelm.common.tests.BazaarvoiceTest"/>
  <testcase name="clickOnMostHelpful" time="46.768" classname="com.dunelm.common.tests.BazaarvoiceTest"/>
  <testcase name="lowesttoHighestRating" time="15.633" classname="com.dunelm.common.tests.BazaarvoiceTest"/>
  <testcase name="hoverOnSort2" time="5.251" classname="com.dunelm.common.tests.BazaarvoiceTest"/>
  <testcase name="enterTextInSearch" time="56.739" classname="com.dunelm.common.tests.BazaarvoiceTest"/>
  <testcase name="clickOnProduct" time="55.001" classname="com.dunelm.common.tests.BazaarvoiceTest"/>
  <testcase name="highestLowestRating" time="26.578" classname="com.dunelm.common.tests.BazaarvoiceTest"/>
  <testcase name="clearAll" time="5.815" classname="com.dunelm.common.tests.BazaarvoiceTest"/>
  <testcase name="fourStarButton" time="10.726" classname="com.dunelm.common.tests.BazaarvoiceTest"/>
  <testcase name="verifyWriteReveiw" time="5.230" classname="com.dunelm.common.tests.BazaarvoiceTest"/>
</testsuite> <!-- com.dunelm.common.tests.BazaarvoiceTest -->
