<?xml version="1.0" encoding="UTF-8"?>
<!-- Generated by org.testng.reporters.JUnitReportReporter -->
<testsuite skipped="0" hostname="BLRPRGGWN20723" name="com.seedbank.common.tests.SeedBank_MonitorACrop" tests="1" failures="0" timestamp="17 Dec 2018 12:20:55 GMT" time="21.286" errors="0">
  <testcase name="navigateToCropMonitoringPageFromDashboard" time="21.286" classname="com.seedbank.common.tests.SeedBank_MonitorACrop"/>
</testsuite> <!-- com.seedbank.common.tests.SeedBank_MonitorACrop -->
