<?xml version="1.0" encoding="UTF-8"?>
<!-- Generated by org.testng.reporters.JUnitReportReporter -->
<testsuite hostname="BLRTRIBWDTP" name="com.pack.common.tests.StoreLocatorTestAndroidPhone" tests="31" failures="0" timestamp="9 Jun 2016 04:22:34 GMT" time="506.315" errors="0">
  <testcase name="navigateToHomePage3" time="5.280" classname="com.pack.common.tests.StoreLocatorTestAndroidPhone"/>
  <testcase name="clickOnDropDownLocation" time="20.852" classname="com.pack.common.tests.StoreLocatorTestAndroidPhone"/>
  <testcase name="clickOnGetDirectionsMap" time="44.177" classname="com.pack.common.tests.StoreLocatorTestAndroidPhone"/>
  <testcase name="verifyAddressAndTelephone" time="3.671" classname="com.pack.common.tests.StoreLocatorTestAndroidPhone"/>
  <testcase name="clickOnStoreLocatorLink" time="21.480" classname="com.pack.common.tests.StoreLocatorTestAndroidPhone"/>
  <testcase name="clickOnAStoreInMap" time="5.802" classname="com.pack.common.tests.StoreLocatorTestAndroidPhone"/>
  <testcase name="writeTownOrPostcode1" time="3.229" classname="com.pack.common.tests.StoreLocatorTestAndroidPhone"/>
  <testcase name="clickOnStoreInfoAccordionAgain" time="0.440" classname="com.pack.common.tests.StoreLocatorTestAndroidPhone"/>
  <testcase name="clickOnViewStoreDetails" time="25.963" classname="com.pack.common.tests.StoreLocatorTestAndroidPhone"/>
  <testcase name="clickOnStoreLocatorLink3" time="15.408" classname="com.pack.common.tests.StoreLocatorTestAndroidPhone"/>
  <testcase name="verifySpecs" time="1.266" classname="com.pack.common.tests.StoreLocatorTestAndroidPhone"/>
  <testcase name="verifyStartingAndEndingPoint2" time="10.581" classname="com.pack.common.tests.StoreLocatorTestAndroidPhone"/>
  <testcase name="clickOnHyperlinkOfStoreName" time="25.893" classname="com.pack.common.tests.StoreLocatorTestAndroidPhone"/>
  <testcase name="verifyStartingAndEndingPoint" time="21.189" classname="com.pack.common.tests.StoreLocatorTestAndroidPhone"/>
  <testcase name="verifyLocationDropownMenuSize" time="10.155" classname="com.pack.common.tests.StoreLocatorTestAndroidPhone"/>
  <testcase name="clickOnGetDirections2" time="56.429" classname="com.pack.common.tests.StoreLocatorTestAndroidPhone"/>
  <testcase name="writeTownOrPostcode2" time="9.683" classname="com.pack.common.tests.StoreLocatorTestAndroidPhone"/>
  <testcase name="clickOnFindAStore2" time="29.242" classname="com.pack.common.tests.StoreLocatorTestAndroidPhone"/>
  <testcase name="clickOnAToZStore" time="16.829" classname="com.pack.common.tests.StoreLocatorTestAndroidPhone"/>
  <testcase name="writeTownOrPostcode" time="4.747" classname="com.pack.common.tests.StoreLocatorTestAndroidPhone"/>
  <testcase name="clickOnStoreLocatorLink2" time="21.153" classname="com.pack.common.tests.StoreLocatorTestAndroidPhone"/>
  <testcase name="clickOnStoreInfoAccordion" time="6.279" classname="com.pack.common.tests.StoreLocatorTestAndroidPhone"/>
  <testcase name="clickOnFindAStore" time="35.594" classname="com.pack.common.tests.StoreLocatorTestAndroidPhone"/>
  <testcase name="clickOnAStoreName" time="11.658" classname="com.pack.common.tests.StoreLocatorTestAndroidPhone"/>
  <testcase name="navigateToHomePage2" time="5.676" classname="com.pack.common.tests.StoreLocatorTestAndroidPhone"/>
  <testcase name="verifyStoreSpecs" time="5.970" classname="com.pack.common.tests.StoreLocatorTestAndroidPhone"/>
  <testcase name="clickOnFindAStore1" time="10.712" classname="com.pack.common.tests.StoreLocatorTestAndroidPhone"/>
  <testcase name="clickOnGetDirections1" time="20.812" classname="com.pack.common.tests.StoreLocatorTestAndroidPhone"/>
  <testcase name="clickOnGetDirections" time="23.906" classname="com.pack.common.tests.StoreLocatorTestAndroidPhone"/>
  <testcase name="verifyStoreSpecs2" time="0.732" classname="com.pack.common.tests.StoreLocatorTestAndroidPhone"/>
  <testcase name="clickOnLIstViewButton" time="31.507" classname="com.pack.common.tests.StoreLocatorTestAndroidPhone"/>
</testsuite> <!-- com.pack.common.tests.StoreLocatorTestAndroidPhone -->
