<?xml version="1.0" encoding="UTF-8"?>
<!-- Generated by org.testng.reporters.JUnitReportReporter -->
<testsuite skipped="0" hostname="BLRPRGGWN20723" name="com.dunelm.common.tests.SiteLandingTest" tests="1" failures="0" timestamp="27 Nov 2018 10:21:53 GMT" time="50.879" errors="0">
  <testcase name="navigateToTheHomepage" time="50.879" classname="com.dunelm.common.tests.SiteLandingTest"/>
</testsuite> <!-- com.dunelm.common.tests.SiteLandingTest -->
