<?xml version="1.0" encoding="UTF-8"?>
<!-- Generated by org.testng.reporters.JUnitReportReporter -->
<testsuite hostname="ip-172-31-45-13.us-east-2.compute.internal" name="com.seedbank.common.tests.FarmerProfileTest" tests="4" failures="0" timestamp="1 Mar 2019 12:06:59 GMT" time="0.001" errors="0">
  <testcase name="validatePANNumber" time="0.000" classname="com.seedbank.common.tests.FarmerProfileTest"/>
  <testcase name="enterMandatoryFieldsAndSaveProfile" time="0.001" classname="com.seedbank.common.tests.FarmerProfileTest"/>
  <testcase name="checkMandatoryFieldsWhileCreatingFarmerProfile" time="0.000" classname="com.seedbank.common.tests.FarmerProfileTest"/>
  <testcase name="navigateToFarmerProfileSection1" time="0.000" classname="com.seedbank.common.tests.FarmerProfileTest"/>
</testsuite> <!-- com.seedbank.common.tests.FarmerProfileTest -->
