<?xml version="1.0" encoding="UTF-8"?>
<!-- Generated by org.testng.reporters.JUnitReportReporter -->
<testsuite hostname="BLRTRIBWDTP" name="com.dunelm.common.tests.PromotionsTest" tests="11" failures="0" timestamp="16 Jun 2016 05:37:00 GMT" time="494.829" errors="0">
  <testcase name="signOutSeperate" time="22.550" classname="com.dunelm.common.tests.PromotionsTest"/>
  <testcase name="openWwwdunelmcom3" time="71.435" classname="com.dunelm.common.tests.PromotionsTest"/>
  <testcase name="goToBasket3" time="33.188" classname="com.dunelm.common.tests.PromotionsTest"/>
  <testcase name="enterAValidEmailAndPasswordIntoTheSignInSection2" time="92.167" classname="com.dunelm.common.tests.PromotionsTest"/>
  <testcase name="selectViewBasketFromTheHeader2" time="28.179" classname="com.dunelm.common.tests.PromotionsTest"/>
  <testcase name="addItemToBasket3" time="63.716" classname="com.dunelm.common.tests.PromotionsTest"/>
  <testcase name="searchForTheFullPricedItemInTheBuyXGetYFreePromotion" time="21.955" classname="com.dunelm.common.tests.PromotionsTest"/>
  <testcase name="verifyTheFreeItemIsFreeInTheBasket" time="51.552" classname="com.dunelm.common.tests.PromotionsTest"/>
  <testcase name="checkForThePromotionApplied" time="6.257" classname="com.dunelm.common.tests.PromotionsTest"/>
  <testcase name="addEachProductFromDifferentSubcategories" time="95.325" classname="com.dunelm.common.tests.PromotionsTest"/>
  <testcase name="openPdp" time="8.505" classname="com.dunelm.common.tests.PromotionsTest"/>
</testsuite> <!-- com.dunelm.common.tests.PromotionsTest -->
