<?xml version="1.0" encoding="UTF-8"?>
<!-- Generated by org.testng.reporters.JUnitReportReporter -->
<testsuite skipped="0" hostname="BLRPRGGWN20723" name="com.seedbank.common.tests.SeedBank_Registration" tests="1" failures="0" timestamp="18 Dec 2018 11:46:28 GMT" time="71.862" errors="0">
  <testcase name="loginWithExistingUser" time="71.862" classname="com.seedbank.common.tests.SeedBank_Registration"/>
</testsuite> <!-- com.seedbank.common.tests.SeedBank_Registration -->
