<?xml version="1.0" encoding="UTF-8"?>
<!-- Generated by org.testng.reporters.JUnitReportReporter -->
<testsuite hostname="BLRTRIBWDTP" name="com.pack.common.tests.PDPTest" tests="34" failures="0" timestamp="13 Jun 2016 04:54:40 GMT" time="1647.229" errors="0">
  <testcase name="checkColourSelectionControls2" time="12.107" classname="com.pack.common.tests.PDPTest"/>
  <testcase name="navigateToPDP11a" time="173.462" classname="com.pack.common.tests.PDPTest"/>
  <testcase name="navigateToPDPWithMultipleSizesNoColor" time="69.954" classname="com.pack.common.tests.PDPTest"/>
  <testcase name="Scrollthroughavailableswatches" time="11.415" classname="com.pack.common.tests.PDPTest"/>
  <testcase name="colourselectioncontrols" time="0.367" classname="com.pack.common.tests.PDPTest"/>
  <testcase name="PDPProductSizeOptionOnly" time="80.026" classname="com.pack.common.tests.PDPTest"/>
  <testcase name="selectColorSwatch1" time="15.723" classname="com.pack.common.tests.PDPTest"/>
  <testcase name="PDPWithOver12ColoursAndMultipleSizes" time="103.761" classname="com.pack.common.tests.PDPTest"/>
  <testcase name="PDPProductWithBothColourAndSizeOptions" time="82.168" classname="com.pack.common.tests.PDPTest"/>
  <testcase name="selectSizeIncreaseAndAddToBasket" time="20.616" classname="com.pack.common.tests.PDPTest"/>
  <testcase name="clickOnProductToGoToPDP" time="32.269" classname="com.pack.common.tests.PDPTest"/>
  <testcase name="gotoSecureCheckoutButton" time="0.001" classname="com.pack.common.tests.PDPTest"/>
  <testcase name="navigateToPDPWith5OrLessColoursAnd1Size" time="78.951" classname="com.pack.common.tests.PDPTest"/>
  <testcase name="addProductToBasket" time="32.514" classname="com.pack.common.tests.PDPTest"/>
  <testcase name="navigateToPDPWith7To10ColoursAnd1Size" time="102.534" classname="com.pack.common.tests.PDPTest"/>
  <testcase name="checkColourSelectionControls1" time="11.685" classname="com.pack.common.tests.PDPTest"/>
  <testcase name="checkSizeSelectionControls2" time="10.218" classname="com.pack.common.tests.PDPTest"/>
  <testcase name="hoverOnAverageStartRatings" time="5.496" classname="com.pack.common.tests.PDPTest"/>
  <testcase name="PDPproductwithcolouroptionsonly" time="111.677" classname="com.pack.common.tests.PDPTest"/>
  <testcase name="clickOnReadReviews" time="30.775" classname="com.pack.common.tests.PDPTest"/>
  <testcase name="selectSize2" time="7.488" classname="com.pack.common.tests.PDPTest"/>
  <testcase name="selectColourAndAddToBasket" time="137.256" classname="com.pack.common.tests.PDPTest"/>
  <testcase name="selectColorSwatch2" time="8.812" classname="com.pack.common.tests.PDPTest"/>
  <testcase name="checkSizeSelectionControls" time="89.206" classname="com.pack.common.tests.PDPTest"/>
  <testcase name="PDPSingleoptionproduct" time="94.648" classname="com.pack.common.tests.PDPTest"/>
  <testcase name="closeDescriptionAccordion" time="2.770" classname="com.pack.common.tests.PDPTest"/>
  <testcase name="openFeaturesAccordion" time="2.937" classname="com.pack.common.tests.PDPTest"/>
  <testcase name="colourswatch" time="22.303" classname="com.pack.common.tests.PDPTest"/>
  <testcase name="searchProductWithLozenges" time="107.147" classname="com.pack.common.tests.PDPTest"/>
  <testcase name="navigateToPDP" time="85.275" classname="com.pack.common.tests.PDPTest"/>
  <testcase name="selectSize" time="7.365" classname="com.pack.common.tests.PDPTest"/>
  <testcase name="openDescriptionAccordion" time="16.029" classname="com.pack.common.tests.PDPTest"/>
  <testcase name="selectAndAddToBasket" time="19.567" classname="com.pack.common.tests.PDPTest"/>
  <testcase name="clickOnStarReviews" time="60.707" classname="com.pack.common.tests.PDPTest"/>
</testsuite> <!-- com.pack.common.tests.PDPTest -->
