<?xml version="1.0" encoding="UTF-8"?>
<!-- Generated by org.testng.reporters.JUnitReportReporter -->
<testsuite skipped="0" hostname="BLRPRGGWN20723" name="com.seedbank.common.tests.SeedBank_FarmerLandTest" tests="10" failures="0" timestamp="13 Dec 2018 11:48:06 GMT" time="59.852" errors="0">
  <testcase name="navigateToFarmerLandSection" time="34.700" classname="com.seedbank.common.tests.SeedBank_FarmerLandTest"/>
  <testcase name="enterSurveyNumber" time="2.893" classname="com.seedbank.common.tests.SeedBank_FarmerLandTest"/>
  <testcase name="enterLandName" time="2.871" classname="com.seedbank.common.tests.SeedBank_FarmerLandTest"/>
  <testcase name="selectSoilType" time="4.081" classname="com.seedbank.common.tests.SeedBank_FarmerLandTest"/>
  <testcase name="selectSourceOfIrrigation" time="4.019" classname="com.seedbank.common.tests.SeedBank_FarmerLandTest"/>
  <testcase name="enterTotalLandOwn" time="2.831" classname="com.seedbank.common.tests.SeedBank_FarmerLandTest"/>
  <testcase name="enterTotalLeased" time="3.321" classname="com.seedbank.common.tests.SeedBank_FarmerLandTest"/>
  <testcase name="checkTotalLandHoldingArea" time="0.093" classname="com.seedbank.common.tests.SeedBank_FarmerLandTest"/>
  <testcase name="enterIrrigatedLand" time="2.848" classname="com.seedbank.common.tests.SeedBank_FarmerLandTest"/>
  <testcase name="saveLandDetails" time="2.195" classname="com.seedbank.common.tests.SeedBank_FarmerLandTest"/>
</testsuite> <!-- com.seedbank.common.tests.SeedBank_FarmerLandTest -->
